<?xml version="1.0" encoding="UTF-8"?>
<!-- Generated by org.testng.reporters.JUnitReportReporter -->
<testsuite skipped="0" hostname="Deepeshraghuvanshi" name="com.testrun.SampleTest" tests="1" failures="0" timestamp="2020-09-13T00:31:07 IST" time="4.483" errors="0">
  <testcase name="testRun" time="4.483" classname="com.testrun.SampleTest"/>
  <system-out/>
</testsuite> <!-- com.testrun.SampleTest -->
