<?xml version="1.0" encoding="UTF-8"?>
<!-- Generated by org.testng.reporters.JUnitReportReporter -->
<testsuite skipped="0" hostname="Deepeshraghuvanshi" name="Direct" tests="1" failures="0" timestamp="2020-08-24T11:31:51 IST" time="2.300" errors="0">
  <testcase name="testrun" time="2.300" classname="Direct"/>
  <system-out/>
</testsuite> <!-- Direct -->
